[2026-07-02T09:04:43.453Z] GET http://localhost:5173/thinking/1 → 200 (9ms, 569B)
[2026-07-02T09:04:43.465Z] GET http://localhost:5173/@id/virtual:vue-devtools-path:overlay.js → pending (?ms, ?B)
[2026-07-02T09:04:43.465Z] GET http://localhost:5173/@id/virtual:vue-inspector-path:load.js → pending (?ms, ?B)
[2026-07-02T09:04:43.466Z] GET http://localhost:5173/@vite/client → pending (?ms, ?B)
[2026-07-02T09:04:43.466Z] GET http://localhost:5173/src/main.js?t=1782983068097 → pending (?ms, ?B)
[2026-07-02T09:04:43.495Z] GET http://localhost:5173/node_modules/.vite/deps/vue.js?v=039dcd9a → 200 (4ms, 23752B)
[2026-07-02T09:04:43.495Z] GET http://localhost:5173/node_modules/vite-plugin-vue-inspector/src/Overlay.vue → 200 (7ms, 76003B)
[2026-07-02T09:04:43.495Z] GET http://localhost:5173/@id/virtual:vue-inspector-options → 200 (6ms, 1259B)
[2026-07-02T09:04:43.495Z] GET http://localhost:5173/node_modules/@vue/devtools-core/dist/index.js?v=039dcd9a → 200 (12ms, 83840B)
[2026-07-02T09:04:43.496Z] GET http://localhost:5173/node_modules/vite-plugin-vue-devtools/node_modules/@vue/devtools-kit/dist/index.js?v=039dcd9a → 200 (63ms, 919100B)
[2026-07-02T09:04:43.496Z] GET http://localhost:5173/@id/__x00__virtual:vue-devtools-options → 200 (47ms, 460B)
[2026-07-02T09:04:43.498Z] GET http://localhost:5173/src/assets/main.css → 200 (54ms, 1206B)
[2026-07-02T09:04:43.498Z] GET http://localhost:5173/node_modules/.vite/deps/pinia.js?v=039dcd9a → 200 (64ms, 171433B)
[2026-07-02T09:04:43.498Z] GET http://localhost:5173/src/App.vue → 200 (57ms, 4222B)
[2026-07-02T09:04:43.498Z] GET http://localhost:5173/src/router/index.js?t=1782983068097 → 200 (58ms, 6404B)
[2026-07-02T09:04:43.499Z] GET http://localhost:5173/node_modules/vite/dist/client/env.mjs → 200 (57ms, 3895B)
[2026-07-02T09:04:43.499Z] GET http://localhost:5173/node_modules/.vite/deps/chunk-CEZ7XGF7.js?v=039dcd9a → 200 (66ms, 387295B)
[2026-07-02T09:04:43.499Z] GET http://localhost:5173/node_modules/.vite/deps/chunk-PZ5AY32C.js?v=039dcd9a → 200 (58ms, 1194B)
[2026-07-02T09:04:43.502Z] GET http://localhost:5173/node_modules/vite-plugin-vue-inspector/src/Overlay.vue?vue&type=style&index=0&scoped=31d1379f&lang.css → 200 (57ms, 2141B)
[2026-07-02T09:04:43.502Z] GET http://localhost:5173/@id/__x00__plugin-vue:export-helper → 200 (57ms, 1074B)
[2026-07-02T09:04:43.507Z] GET http://localhost:5173/node_modules/@vue/devtools-core/node_modules/@vue/devtools-shared/dist/index.js?v=039dcd9a → 200 (56ms, 53889B)
[2026-07-02T09:04:43.508Z] GET http://localhost:5173/node_modules/@vue/devtools-core/node_modules/@vue/devtools-kit/dist/index.js?v=039dcd9a → 200 (94ms, 919060B)
[2026-07-02T09:04:43.562Z] GET http://localhost:5173/src/components/Header.vue → 200 (30ms, 6645B)
[2026-07-02T09:04:43.562Z] GET http://localhost:5173/src/components/Footer.vue → 200 (31ms, 3680B)
[2026-07-02T09:04:43.563Z] GET http://localhost:5173/node_modules/.vite/deps/vue-router.js?v=039dcd9a → 200 (36ms, 195888B)
[2026-07-02T09:04:43.563Z] GET http://localhost:5173/node_modules/vite-plugin-vue-devtools/node_modules/@vue/devtools-shared/dist/index.js?v=039dcd9a → 200 (32ms, 53889B)
[2026-07-02T09:04:43.563Z] GET http://localhost:5173/node_modules/vite-plugin-vue-devtools/node_modules/perfect-debounce/dist/index.mjs?v=039dcd9a → 200 (32ms, 12591B)
[2026-07-02T09:04:43.563Z] GET http://localhost:5173/node_modules/hookable/dist/index.mjs?v=039dcd9a → 200 (37ms, 46437B)
[2026-07-02T09:04:43.563Z] GET http://localhost:5173/node_modules/birpc/dist/index.mjs?v=039dcd9a → 200 (41ms, 48644B)
[2026-07-02T09:04:43.563Z] GET http://localhost:5173/node_modules/.vite/deps/chunk-WX6LVJOK.js?v=039dcd9a → 200 (42ms, 6049B)
[2026-07-02T09:04:43.594Z] GET http://localhost:5173/src/components/Header.vue?vue&type=style&index=0&scoped=c970699f&lang.css → 200 (10ms, 1447B)
[2026-07-02T09:04:43.595Z] GET http://localhost:5173/src/components/Footer.vue?vue&type=style&index=0&scoped=4896eafd&lang.css → 200 (10ms, 866B)
[2026-07-02T09:04:43.603Z] GET http://localhost:5173/node_modules/@vue/devtools-core/node_modules/perfect-debounce/dist/index.mjs?v=039dcd9a → 200 (3ms, 12591B)
[2026-07-02T09:04:43.609Z] GET http://localhost:5173/@id/virtual:vue-devtools-path:overlay/devtools-overlay.css → 200 (15ms, 3683B)
[2026-07-02T09:04:43.609Z] GET http://localhost:5173/@id/virtual:vue-devtools-path:overlay/devtools-overlay.mjs → 200 (67ms, 1172198B)
[2026-07-02T09:04:43.637Z] GET http://localhost:5173/src/views/ThinkingDetailView.vue?t=1782983068097 → 200 (75ms, 64271B)
[2026-07-02T09:04:43.714Z] GET http://localhost:5173/src/api/axios.js → 200 (?ms, 2202B)
[2026-07-02T09:04:43.714Z] GET http://localhost:5173/src/views/ThinkingDetailView.vue?t=1782983068097&vue&type=style&index=0&scoped=6520318b&lang.css → 200 (1ms, 5513B)
[2026-07-02T09:04:43.715Z] GET http://localhost:5173/node_modules/.vite/deps/axios.js?v=039dcd9a → 200 (3ms, 109476B)
[2026-07-02T09:04:43.731Z] GET http://localhost:5173/api/thinking/1 → 200 (9ms, 159B)
[2026-07-02T09:04:43.731Z] GET http://localhost:5173/api/comment/1 → 200 (13ms, 536B)
